Analysis & Synthesis report for Mod_Counter
Sat Oct 27 15:16:52 2018
Quartus Prime Version 17.1.0 Build 590 10/25/2017 SJ Lite Edition


---------------------
; Table of Contents ;
---------------------
  1. Legal Notice
  2. Analysis & Synthesis Summary
  3. Analysis & Synthesis Settings
  4. Parallel Compilation
  5. Analysis & Synthesis Source Files Read
  6. Analysis & Synthesis Resource Usage Summary
  7. Analysis & Synthesis Resource Utilization by Entity
  8. General Register Statistics
  9. Parameter Settings for User Entity Instance: Top-level Entity: |Mod_Counter
 10. Parameter Settings for User Entity Instance: SplitClock:splitClock_inst
 11. Parameter Settings for User Entity Instance: Mod_Counter_internal:mod_counter_inst
 12. Post-Synthesis Netlist Statistics for Top Partition
 13. Elapsed Time Per Partition
 14. Analysis & Synthesis Messages



----------------
; Legal Notice ;
----------------
Copyright (C) 2017  Intel Corporation. All rights reserved.
Your use of Intel Corporation's design tools, logic functions 
and other software and tools, and its AMPP partner logic 
functions, and any output files from any of the foregoing 
(including device programming or simulation files), and any 
associated documentation or information are expressly subject 
to the terms and conditions of the Intel Program License 
Subscription Agreement, the Intel Quartus Prime License Agreement,
the Intel FPGA IP License Agreement, or other applicable license
agreement, including, without limitation, that your use is for
the sole purpose of programming logic devices manufactured by
Intel and sold by Intel or its authorized distributors.  Please
refer to the applicable agreement for further details.



+----------------------------------------------------------------------------------+
; Analysis & Synthesis Summary                                                     ;
+------------------------------------+---------------------------------------------+
; Analysis & Synthesis Status        ; Successful - Sat Oct 27 15:16:52 2018       ;
; Quartus Prime Version              ; 17.1.0 Build 590 10/25/2017 SJ Lite Edition ;
; Revision Name                      ; Mod_Counter                                 ;
; Top-level Entity Name              ; Mod_Counter                                 ;
; Family                             ; Cyclone IV E                                ;
; Total logic elements               ; 64                                          ;
;     Total combinational functions  ; 64                                          ;
;     Dedicated logic registers      ; 30                                          ;
; Total registers                    ; 30                                          ;
; Total pins                         ; 9                                           ;
; Total virtual pins                 ; 0                                           ;
; Total memory bits                  ; 0                                           ;
; Embedded Multiplier 9-bit elements ; 0                                           ;
; Total PLLs                         ; 0                                           ;
+------------------------------------+---------------------------------------------+


+----------------------------------------------------------------------------------------------------------------------+
; Analysis & Synthesis Settings                                                                                        ;
+----------------------------------------------------------------------------+--------------------+--------------------+
; Option                                                                     ; Setting            ; Default Value      ;
+----------------------------------------------------------------------------+--------------------+--------------------+
; Device                                                                     ; EP4CE115F29C7      ;                    ;
; Top-level entity name                                                      ; Mod_Counter        ; Mod_Counter        ;
; Family name                                                                ; Cyclone IV E       ; Cyclone V          ;
; Maximum processors allowed for parallel compilation                        ; 2                  ;                    ;
; Use smart compilation                                                      ; Off                ; Off                ;
; Enable parallel Assembler and TimeQuest Timing Analyzer during compilation ; On                 ; On                 ;
; Enable compact report table                                                ; Off                ; Off                ;
; Restructure Multiplexers                                                   ; Auto               ; Auto               ;
; Create Debugging Nodes for IP Cores                                        ; Off                ; Off                ;
; Preserve fewer node names                                                  ; On                 ; On                 ;
; Intel FPGA IP Evaluation Mode                                              ; Enable             ; Enable             ;
; Verilog Version                                                            ; Verilog_2001       ; Verilog_2001       ;
; VHDL Version                                                               ; VHDL_1993          ; VHDL_1993          ;
; State Machine Processing                                                   ; Auto               ; Auto               ;
; Safe State Machine                                                         ; Off                ; Off                ;
; Extract Verilog State Machines                                             ; On                 ; On                 ;
; Extract VHDL State Machines                                                ; On                 ; On                 ;
; Ignore Verilog initial constructs                                          ; Off                ; Off                ;
; Iteration limit for constant Verilog loops                                 ; 5000               ; 5000               ;
; Iteration limit for non-constant Verilog loops                             ; 250                ; 250                ;
; Add Pass-Through Logic to Inferred RAMs                                    ; On                 ; On                 ;
; Infer RAMs from Raw Logic                                                  ; On                 ; On                 ;
; Parallel Synthesis                                                         ; On                 ; On                 ;
; DSP Block Balancing                                                        ; Auto               ; Auto               ;
; NOT Gate Push-Back                                                         ; On                 ; On                 ;
; Power-Up Don't Care                                                        ; On                 ; On                 ;
; Remove Redundant Logic Cells                                               ; Off                ; Off                ;
; Remove Duplicate Registers                                                 ; On                 ; On                 ;
; Ignore CARRY Buffers                                                       ; Off                ; Off                ;
; Ignore CASCADE Buffers                                                     ; Off                ; Off                ;
; Ignore GLOBAL Buffers                                                      ; Off                ; Off                ;
; Ignore ROW GLOBAL Buffers                                                  ; Off                ; Off                ;
; Ignore LCELL Buffers                                                       ; Off                ; Off                ;
; Ignore SOFT Buffers                                                        ; On                 ; On                 ;
; Limit AHDL Integers to 32 Bits                                             ; Off                ; Off                ;
; Optimization Technique                                                     ; Balanced           ; Balanced           ;
; Carry Chain Length                                                         ; 70                 ; 70                 ;
; Auto Carry Chains                                                          ; On                 ; On                 ;
; Auto Open-Drain Pins                                                       ; On                 ; On                 ;
; Perform WYSIWYG Primitive Resynthesis                                      ; Off                ; Off                ;
; Auto ROM Replacement                                                       ; On                 ; On                 ;
; Auto RAM Replacement                                                       ; On                 ; On                 ;
; Auto DSP Block Replacement                                                 ; On                 ; On                 ;
; Auto Shift Register Replacement                                            ; Auto               ; Auto               ;
; Allow Shift Register Merging across Hierarchies                            ; Auto               ; Auto               ;
; Auto Clock Enable Replacement                                              ; On                 ; On                 ;
; Strict RAM Replacement                                                     ; Off                ; Off                ;
; Allow Synchronous Control Signals                                          ; On                 ; On                 ;
; Force Use of Synchronous Clear Signals                                     ; Off                ; Off                ;
; Auto RAM Block Balancing                                                   ; On                 ; On                 ;
; Auto RAM to Logic Cell Conversion                                          ; Off                ; Off                ;
; Auto Resource Sharing                                                      ; Off                ; Off                ;
; Allow Any RAM Size For Recognition                                         ; Off                ; Off                ;
; Allow Any ROM Size For Recognition                                         ; Off                ; Off                ;
; Allow Any Shift Register Size For Recognition                              ; Off                ; Off                ;
; Use LogicLock Constraints during Resource Balancing                        ; On                 ; On                 ;
; Ignore translate_off and synthesis_off directives                          ; Off                ; Off                ;
; Timing-Driven Synthesis                                                    ; On                 ; On                 ;
; Report Parameter Settings                                                  ; On                 ; On                 ;
; Report Source Assignments                                                  ; On                 ; On                 ;
; Report Connectivity Checks                                                 ; On                 ; On                 ;
; Ignore Maximum Fan-Out Assignments                                         ; Off                ; Off                ;
; Synchronization Register Chain Length                                      ; 2                  ; 2                  ;
; Power Optimization During Synthesis                                        ; Normal compilation ; Normal compilation ;
; HDL message level                                                          ; Level2             ; Level2             ;
; Suppress Register Optimization Related Messages                            ; Off                ; Off                ;
; Number of Removed Registers Reported in Synthesis Report                   ; 5000               ; 5000               ;
; Number of Swept Nodes Reported in Synthesis Report                         ; 5000               ; 5000               ;
; Number of Inverted Registers Reported in Synthesis Report                  ; 100                ; 100                ;
; Clock MUX Protection                                                       ; On                 ; On                 ;
; Auto Gated Clock Conversion                                                ; Off                ; Off                ;
; Block Design Naming                                                        ; Auto               ; Auto               ;
; SDC constraint protection                                                  ; Off                ; Off                ;
; Synthesis Effort                                                           ; Auto               ; Auto               ;
; Shift Register Replacement - Allow Asynchronous Clear Signal               ; On                 ; On                 ;
; Pre-Mapping Resynthesis Optimization                                       ; Off                ; Off                ;
; Analysis & Synthesis Message Level                                         ; Medium             ; Medium             ;
; Disable Register Merging Across Hierarchies                                ; Auto               ; Auto               ;
; Resource Aware Inference For Block RAM                                     ; On                 ; On                 ;
+----------------------------------------------------------------------------+--------------------+--------------------+


+------------------------------------------+
; Parallel Compilation                     ;
+----------------------------+-------------+
; Processors                 ; Number      ;
+----------------------------+-------------+
; Number detected on machine ; 4           ;
; Maximum allowed            ; 2           ;
;                            ;             ;
; Average used               ; 1.00        ;
; Maximum used               ; 2           ;
;                            ;             ;
; Usage by Processor         ; % Time Used ;
;     Processor 1            ; 100.0%      ;
;     Processor 2            ;   0.0%      ;
+----------------------------+-------------+


+----------------------------------------------------------------------------------------------------------------------------------------------------------+
; Analysis & Synthesis Source Files Read                                                                                                                   ;
+------------------------------------------------+-----------------+-----------------+-----------------------------------------------------------+---------+
; File Name with User-Entered Path               ; Used in Netlist ; File Type       ; File Name with Absolute Path                              ; Library ;
+------------------------------------------------+-----------------+-----------------+-----------------------------------------------------------+---------+
; ../../src/SplitClock/SplitClock.vhd            ; yes             ; User VHDL File  ; C:/3rdEye/3rdEye/src/SplitClock/SplitClock.vhd            ;         ;
; ../../src/LED_Converter/LED_converter.vhd      ; yes             ; User VHDL File  ; C:/3rdEye/3rdEye/src/LED_Converter/LED_converter.vhd      ;         ;
; ../../src/Mod_Counter/Mod_Counter.vhd          ; yes             ; User VHDL File  ; C:/3rdEye/3rdEye/src/Mod_Counter/Mod_Counter.vhd          ;         ;
; ../../src/Mod_Counter/Mod_Counter_internal.vhd ; yes             ; User VHDL File  ; C:/3rdEye/3rdEye/src/Mod_Counter/Mod_Counter_internal.vhd ;         ;
+------------------------------------------------+-----------------+-----------------+-----------------------------------------------------------+---------+


+-----------------------------------------------------------+
; Analysis & Synthesis Resource Usage Summary               ;
+---------------------------------------------+-------------+
; Resource                                    ; Usage       ;
+---------------------------------------------+-------------+
; Estimated Total logic elements              ; 64          ;
;                                             ;             ;
; Total combinational functions               ; 64          ;
; Logic element usage by number of LUT inputs ;             ;
;     -- 4 input functions                    ; 30          ;
;     -- 3 input functions                    ; 1           ;
;     -- <=2 input functions                  ; 33          ;
;                                             ;             ;
; Logic elements by mode                      ;             ;
;     -- normal mode                          ; 39          ;
;     -- arithmetic mode                      ; 25          ;
;                                             ;             ;
; Total registers                             ; 30          ;
;     -- Dedicated logic registers            ; 30          ;
;     -- I/O registers                        ; 0           ;
;                                             ;             ;
; I/O pins                                    ; 9           ;
;                                             ;             ;
; Embedded Multiplier 9-bit elements          ; 0           ;
;                                             ;             ;
; Maximum fan-out node                        ; reset~input ;
; Maximum fan-out                             ; 30          ;
; Total fan-out                               ; 293         ;
; Average fan-out                             ; 2.62        ;
+---------------------------------------------+-------------+


+------------------------------------------------------------------------------------------------------------------------------------------------------------------------------------------------------------------------------------------------------------------+
; Analysis & Synthesis Resource Utilization by Entity                                                                                                                                                                                                              ;
+--------------------------------------------+---------------------+---------------------------+-------------+--------------+---------+-----------+------+--------------+----------------------------------------------------+----------------------+--------------+
; Compilation Hierarchy Node                 ; Combinational ALUTs ; Dedicated Logic Registers ; Memory Bits ; DSP Elements ; DSP 9x9 ; DSP 18x18 ; Pins ; Virtual Pins ; Full Hierarchy Name                                ; Entity Name          ; Library Name ;
+--------------------------------------------+---------------------+---------------------------+-------------+--------------+---------+-----------+------+--------------+----------------------------------------------------+----------------------+--------------+
; |Mod_Counter                               ; 64 (0)              ; 30 (0)                    ; 0           ; 0            ; 0       ; 0         ; 9    ; 0            ; |Mod_Counter                                       ; Mod_Counter          ; work         ;
;    |LED_converter:led_inst|                ; 7 (7)               ; 0 (0)                     ; 0           ; 0            ; 0       ; 0         ; 0    ; 0            ; |Mod_Counter|LED_converter:led_inst                ; LED_converter        ; work         ;
;    |Mod_Counter_internal:mod_counter_inst| ; 4 (4)               ; 4 (4)                     ; 0           ; 0            ; 0       ; 0         ; 0    ; 0            ; |Mod_Counter|Mod_Counter_internal:mod_counter_inst ; Mod_Counter_internal ; work         ;
;    |SplitClock:splitClock_inst|            ; 53 (53)             ; 26 (26)                   ; 0           ; 0            ; 0       ; 0         ; 0    ; 0            ; |Mod_Counter|SplitClock:splitClock_inst            ; SplitClock           ; work         ;
+--------------------------------------------+---------------------+---------------------------+-------------+--------------+---------+-----------+------+--------------+----------------------------------------------------+----------------------+--------------+
Note: For table entries with two numbers listed, the numbers in parentheses indicate the number of resources of the given type used by the specific entity alone. The numbers listed outside of parentheses indicate the total resources of the given type used by the specific entity and all of its sub-entities in the hierarchy.


+------------------------------------------------------+
; General Register Statistics                          ;
+----------------------------------------------+-------+
; Statistic                                    ; Value ;
+----------------------------------------------+-------+
; Total registers                              ; 30    ;
; Number of registers using Synchronous Clear  ; 0     ;
; Number of registers using Synchronous Load   ; 0     ;
; Number of registers using Asynchronous Clear ; 30    ;
; Number of registers using Asynchronous Load  ; 0     ;
; Number of registers using Clock Enable       ; 0     ;
; Number of registers using Preset             ; 0     ;
+----------------------------------------------+-------+


+-----------------------------------------------------------------------------+
; Parameter Settings for User Entity Instance: Top-level Entity: |Mod_Counter ;
+----------------+-------+----------------------------------------------------+
; Parameter Name ; Value ; Type                                               ;
+----------------+-------+----------------------------------------------------+
; maxNum         ; 16    ; Signed Integer                                     ;
+----------------+-------+----------------------------------------------------+
Note: In order to hide this table in the UI and the text report file, please set the "Show Parameter Settings in Synthesis Report" option in "Analysis and Synthesis Settings -> More Settings" to "Off".


+-------------------------------------------------------------------------+
; Parameter Settings for User Entity Instance: SplitClock:splitClock_inst ;
+----------------+----------+---------------------------------------------+
; Parameter Name ; Value    ; Type                                        ;
+----------------+----------+---------------------------------------------+
; clkFreq        ; 50000000 ; Signed Integer                              ;
; clkPeriod      ; 1        ; Signed Integer                              ;
+----------------+----------+---------------------------------------------+
Note: In order to hide this table in the UI and the text report file, please set the "Show Parameter Settings in Synthesis Report" option in "Analysis and Synthesis Settings -> More Settings" to "Off".


+------------------------------------------------------------------------------------+
; Parameter Settings for User Entity Instance: Mod_Counter_internal:mod_counter_inst ;
+----------------+-------+-----------------------------------------------------------+
; Parameter Name ; Value ; Type                                                      ;
+----------------+-------+-----------------------------------------------------------+
; maxNum         ; 15    ; Signed Integer                                            ;
+----------------+-------+-----------------------------------------------------------+
Note: In order to hide this table in the UI and the text report file, please set the "Show Parameter Settings in Synthesis Report" option in "Analysis and Synthesis Settings -> More Settings" to "Off".


+-----------------------------------------------------+
; Post-Synthesis Netlist Statistics for Top Partition ;
+-----------------------+-----------------------------+
; Type                  ; Count                       ;
+-----------------------+-----------------------------+
; boundary_port         ; 9                           ;
; cycloneiii_ff         ; 30                          ;
;     CLR               ; 30                          ;
; cycloneiii_lcell_comb ; 65                          ;
;     arith             ; 25                          ;
;         2 data inputs ; 25                          ;
;     normal            ; 40                          ;
;         1 data inputs ; 3                           ;
;         2 data inputs ; 6                           ;
;         3 data inputs ; 1                           ;
;         4 data inputs ; 30                          ;
;                       ;                             ;
; Max LUT depth         ; 4.50                        ;
; Average LUT depth     ; 3.23                        ;
+-----------------------+-----------------------------+


+-------------------------------+
; Elapsed Time Per Partition    ;
+----------------+--------------+
; Partition Name ; Elapsed Time ;
+----------------+--------------+
; Top            ; 00:00:00     ;
+----------------+--------------+


+-------------------------------+
; Analysis & Synthesis Messages ;
+-------------------------------+
Info: *******************************************************************
Info: Running Quartus Prime Analysis & Synthesis
    Info: Version 17.1.0 Build 590 10/25/2017 SJ Lite Edition
    Info: Processing started: Sat Oct 27 15:16:35 2018
Info: Command: quartus_map --read_settings_files=on --write_settings_files=off Mod_Counter -c Mod_Counter
Info (20032): Parallel compilation is enabled and will use up to 2 processors
Info (12021): Found 2 design units, including 1 entities, in source file /3rdeye/3rdeye/src/splitclock/splitclock.vhd
    Info (12022): Found design unit 1: SplitClock-arch File: C:/3rdEye/3rdEye/src/SplitClock/SplitClock.vhd Line: 18
    Info (12023): Found entity 1: SplitClock File: C:/3rdEye/3rdEye/src/SplitClock/SplitClock.vhd Line: 5
Info (12021): Found 2 design units, including 1 entities, in source file /3rdeye/3rdeye/src/led_converter/led_converter.vhd
    Info (12022): Found design unit 1: LED_converter-dataflow File: C:/3rdEye/3rdEye/src/LED_Converter/LED_converter.vhd Line: 19
    Info (12023): Found entity 1: LED_converter File: C:/3rdEye/3rdEye/src/LED_Converter/LED_converter.vhd Line: 9
Info (12021): Found 2 design units, including 1 entities, in source file /3rdeye/3rdeye/src/mod_counter/mod_counter.vhd
    Info (12022): Found design unit 1: Mod_Counter-arch File: C:/3rdEye/3rdEye/src/Mod_Counter/Mod_Counter.vhd Line: 20
    Info (12023): Found entity 1: Mod_Counter File: C:/3rdEye/3rdEye/src/Mod_Counter/Mod_Counter.vhd Line: 7
Info (12021): Found 2 design units, including 1 entities, in source file /3rdeye/3rdeye/src/mod_counter/mod_counter_internal.vhd
    Info (12022): Found design unit 1: Mod_Counter_internal-arch File: C:/3rdEye/3rdEye/src/Mod_Counter/Mod_Counter_internal.vhd Line: 19
    Info (12023): Found entity 1: Mod_Counter_internal File: C:/3rdEye/3rdEye/src/Mod_Counter/Mod_Counter_internal.vhd Line: 7
Info (12127): Elaborating entity "Mod_Counter" for the top level hierarchy
Info (12128): Elaborating entity "SplitClock" for hierarchy "SplitClock:splitClock_inst" File: C:/3rdEye/3rdEye/src/Mod_Counter/Mod_Counter.vhd Line: 49
Info (12128): Elaborating entity "LED_converter" for hierarchy "LED_converter:led_inst" File: C:/3rdEye/3rdEye/src/Mod_Counter/Mod_Counter.vhd Line: 55
Info (12128): Elaborating entity "Mod_Counter_internal" for hierarchy "Mod_Counter_internal:mod_counter_inst" File: C:/3rdEye/3rdEye/src/Mod_Counter/Mod_Counter.vhd Line: 60
Info (286030): Timing-Driven Synthesis is running
Info (16010): Generating hard_block partition "hard_block:auto_generated_inst"
    Info (16011): Adding 0 node(s), including 0 DDIO, 0 PLL, 0 transceiver and 0 LCELL
Info (21057): Implemented 73 device resources after synthesis - the final resource count might be different
    Info (21058): Implemented 2 input pins
    Info (21059): Implemented 7 output pins
    Info (21061): Implemented 64 logic cells
Info: Quartus Prime Analysis & Synthesis was successful. 0 errors, 0 warnings
    Info: Peak virtual memory: 4813 megabytes
    Info: Processing ended: Sat Oct 27 15:16:52 2018
    Info: Elapsed time: 00:00:17
    Info: Total CPU time (on all processors): 00:00:33


